<?xml version="1.0" encoding="UTF-8"?>
<!-- Generated by org.testng.reporters.JUnitReportReporter -->
<testsuite skipped="0" hostname="LAPTOP-RO90N5MR" name="PAGES.LoginMRS" tests="1" failures="0" timestamp="14 Nov 2018 20:18:41 GMT" time="15.587" errors="0">
  <testcase name="VerifyLogin" time="15.587" classname="PAGES.LoginMRS"/>
</testsuite> <!-- PAGES.LoginMRS -->
